numCPUs 1
Worker 23494
Worker 23500
Worker 23495
Worker 23505
Service ID 23494
[0mGET /pid [32m200 [0m41.151 ms - 31[0m
Service ID 23495
[0mGET /pid [32m200 [0m13.497 ms - 31[0m
Service ID 23500
[0mGET /pid [32m200 [0m8.128 ms - 31[0m
Service ID 23505
[0mGET /pid [32m200 [0m7.950 ms - 31[0m
Service ID 23494
[0mGET /pid [32m200 [0m2.715 ms - 31[0m
Service ID 23495
[0mGET /pid [32m200 [0m1.994 ms - 31[0m
Service ID 23500
[0mGET /pid [32m200 [0m1.958 ms - 31[0m
Service ID 23505
[0mGET /pid [32m200 [0m2.194 ms - 31[0m
Service ID 23494
[0mGET /pid [32m200 [0m0.728 ms - 31[0m
Service ID 23495
[0mGET /pid [32m200 [0m0.652 ms - 31[0m
Service ID 23500
[0mGET /pid [32m200 [0m0.730 ms - 31[0m
Service ID 23505
[0mGET /pid [32m200 [0m0.600 ms - 31[0m
Service ID 23494
[0mGET /pid [32m200 [0m0.419 ms - 31[0m
Service ID 23495
[0mGET /pid [32m200 [0m0.415 ms - 31[0m
Service ID 23500
[0mGET /pid [32m200 [0m0.411 ms - 31[0m
Service ID 23505
[0mGET /pid [32m200 [0m0.354 ms - 31[0m
Service ID 23494
[0mGET /pid [32m200 [0m0.481 ms - 31[0m
Service ID 23495
[0mGET /pid [32m200 [0m0.543 ms - 31[0m
Service ID 23500
[0mGET /pid [32m200 [0m0.595 ms - 31[0m
Service ID 23505
[0mGET /pid [32m200 [0m0.638 ms - 31[0m
Service ID 23494
[0mGET /pid [32m200 [0m0.552 ms - 31[0m
Service ID 23495
[0mGET /pid [32m200 [0m0.573 ms - 31[0m
Service ID 23500
[0mGET /pid [32m200 [0m0.599 ms - 31[0m
Service ID 23505
[0mGET /pid [32m200 [0m0.520 ms - 31[0m
Service ID 23494
[0mGET /pid [32m200 [0m1.012 ms - 31[0m
Service ID 23495
[0mGET /pid [32m200 [0m0.555 ms - 31[0m
Service ID 23500
[0mGET /pid [32m200 [0m0.990 ms - 31[0m
Service ID 23505
[0mGET /pid [32m200 [0m0.467 ms - 31[0m
Service ID 23494
[0mGET /pid [32m200 [0m0.400 ms - 31[0m
Service ID 23495
[0mGET /pid [32m200 [0m0.361 ms - 31[0m
Service ID 23500
[0mGET /pid [32m200 [0m0.381 ms - 31[0m
Service ID 23505
[0mGET /pid [32m200 [0m0.399 ms - 31[0m
Service ID 23494
[0mGET /pid [32m200 [0m0.361 ms - 31[0m
Service ID 23495
[0mGET /pid [32m200 [0m0.468 ms - 31[0m
Service ID 23500
[0mGET /pid [32m200 [0m0.336 ms - 31[0m
Service ID 23505
[0mGET /pid [32m200 [0m0.339 ms - 31[0m
Service ID 23494
[0mGET /pid [32m200 [0m5.141 ms - 31[0m
Service ID 23495
[0mGET /pid [32m200 [0m0.418 ms - 31[0m
Service ID 23500
[0mGET /pid [32m200 [0m0.339 ms - 31[0m
Service ID 23505
[0mGET /pid [32m200 [0m0.359 ms - 31[0m
Service ID 23494
[0mGET /pid [32m200 [0m0.776 ms - 31[0m
Service ID 23495
[0mGET /pid [32m200 [0m0.524 ms - 31[0m
Service ID 23500
[0mGET /pid [32m200 [0m0.714 ms - 31[0m
Service ID 23505
[0mGET /pid [32m200 [0m5.236 ms - 31[0m
Service ID 23494
[0mGET /pid [32m200 [0m6.394 ms - 31[0m
Service ID 23495
[0mGET /pid [32m200 [0m4.828 ms - 31[0m
Service ID 23500
[0mGET /pid [32m200 [0m2.948 ms - 31[0m
Service ID 23505
[0mGET /pid [32m200 [0m6.920 ms - 31[0m
Service ID 23494
[0mGET /pid [32m200 [0m0.581 ms - 31[0m
Service ID 23495
[0mGET /pid [32m200 [0m0.720 ms - 31[0m
Service ID 23500
[0mGET /pid [32m200 [0m5.509 ms - 31[0m
Service ID 23505
[0mGET /pid [32m200 [0m0.841 ms - 31[0m
Service ID 23494
[0mGET /pid [32m200 [0m0.482 ms - 31[0m
Service ID 23495
[0mGET /pid [32m200 [0m0.628 ms - 31[0m
Service ID 23500
[0mGET /pid [32m200 [0m0.691 ms - 31[0m
Service ID 23505
[0mGET /pid [32m200 [0m0.479 ms - 31[0m
Service ID 23494
[0mGET /pid [32m200 [0m0.565 ms - 31[0m
Service ID 23495
[0mGET /pid [32m200 [0m1.075 ms - 31[0m
Service ID 23500
[0mGET /pid [32m200 [0m0.833 ms - 31[0m
Service ID 23505
[0mGET /pid [32m200 [0m1.618 ms - 31[0m
Service ID 23494
[0mGET /pid [32m200 [0m1.319 ms - 31[0m
Service ID 23495
[0mGET /pid [32m200 [0m0.398 ms - 31[0m
Service ID 23500
[0mGET /pid [32m200 [0m0.337 ms - 31[0m
Service ID 23505
[0mGET /pid [32m200 [0m0.431 ms - 31[0m
Service ID 23494
[0mGET /pid [32m200 [0m0.341 ms - 31[0m
Service ID 23495
[0mGET /pid [32m200 [0m0.407 ms - 31[0m
Service ID 23500
[0mGET /pid [32m200 [0m0.345 ms - 31[0m
Service ID 23505
[0mGET /pid [32m200 [0m0.481 ms - 31[0m
Service ID 23494
[0mGET /pid [32m200 [0m0.499 ms - 31[0m
Service ID 23495
[0mGET /pid [32m200 [0m0.560 ms - 31[0m
Service ID 23500
[0mGET /pid [32m200 [0m0.537 ms - 31[0m
Service ID 23505
[0mGET /pid [32m200 [0m0.525 ms - 31[0m
Service ID 23494
[0mGET /pid [32m200 [0m1.339 ms - 31[0m
Service ID 23495
[0mGET /pid [32m200 [0m1.378 ms - 31[0m
Service ID 23500
[0mGET /pid [32m200 [0m1.248 ms - 31[0m
Service ID 23505
[0mGET /pid [32m200 [0m1.406 ms - 31[0m
Service ID 23494
[0mGET /pid [32m200 [0m0.409 ms - 31[0m
Service ID 23495
[0mGET /pid [32m200 [0m0.393 ms - 31[0m
Service ID 23500
[0mGET /pid [32m200 [0m0.399 ms - 31[0m
Service ID 23505
[0mGET /pid [32m200 [0m0.393 ms - 31[0m
Service ID 23494
[0mGET /pid [32m200 [0m0.607 ms - 31[0m
Service ID 23495
[0mGET /pid [32m200 [0m0.592 ms - 31[0m
Service ID 23500
[0mGET /pid [32m200 [0m0.504 ms - 31[0m
Service ID 23505
[0mGET /pid [32m200 [0m0.493 ms - 31[0m
Service ID 23494
[0mGET /pid [32m200 [0m0.744 ms - 31[0m
Service ID 23495
[0mGET /pid [32m200 [0m0.675 ms - 31[0m
Service ID 23500
[0mGET /pid [32m200 [0m0.629 ms - 31[0m
Service ID 23505
[0mGET /pid [32m200 [0m0.618 ms - 31[0m
Service ID 23494
[0mGET /pid [32m200 [0m0.769 ms - 31[0m
Service ID 23495
[0mGET /pid [32m200 [0m0.826 ms - 31[0m
Service ID 23500
[0mGET /pid [32m200 [0m0.739 ms - 31[0m
Service ID 23505
[0mGET /pid [32m200 [0m0.689 ms - 31[0m
Service ID 23494
[0mGET /pid [32m200 [0m0.393 ms - 31[0m
Service ID 23495
[0mGET /pid [32m200 [0m0.391 ms - 31[0m
Service ID 23500
[0mGET /pid [32m200 [0m0.374 ms - 31[0m
Service ID 23505
[0mGET /pid [32m200 [0m0.342 ms - 31[0m
Service ID 23494
[0mGET /pid [32m200 [0m0.466 ms - 31[0m
Service ID 23495
[0mGET /pid [32m200 [0m0.462 ms - 31[0m
Service ID 23500
[0mGET /pid [32m200 [0m0.466 ms - 31[0m
Service ID 23505
[0mGET /pid [32m200 [0m0.472 ms - 31[0m
ID 23494
[0mGET / [32m200 [0m8.055 ms - 649[0m
[0mGET /javascripts/angularApp.js [36m304 [0m2.088 ms - -[0m
[0mGET /stylesheets/style.css [36m304 [0m0.477 ms - -[0m
Service ID 23494
[0mGET /pid [32m200 [0m0.435 ms - 31[0m
Service ID 23494
[0mGET /pid [32m200 [0m0.385 ms - 31[0m
Service ID 23494
[0mGET /pid [32m200 [0m0.258 ms - 31[0m
Service ID 23505
[0mGET /pid [32m200 [0m0.335 ms - 31[0m
Service ID 23495
[0mGET /pid [32m200 [0m0.364 ms - 31[0m
Service ID 23500
[0mGET /pid [32m200 [0m1.413 ms - 31[0m
Service ID 23505
[0mGET /pid [32m200 [0m0.777 ms - 31[0m
Service ID 23495
[0mGET /pid [32m200 [0m0.782 ms - 31[0m
Service ID 23500
[0mGET /pid [32m200 [0m0.716 ms - 31[0m
Service ID 23494
[0mGET /pid [32m200 [0m2.139 ms - 31[0m
Service ID 23494
[0mGET /pid [32m200 [0m0.425 ms - 31[0m
Service ID 23505
[0mGET /pid [32m200 [0m0.725 ms - 31[0m
Service ID 23505
[0mGET /pid [32m200 [0m2.336 ms - 31[0m
Service ID 23495
[0mGET /pid [32m200 [0m0.602 ms - 31[0m
Service ID 23494
[0mGET /pid [32m200 [0m0.447 ms - 31[0m
Service ID 23494
[0mGET /pid [32m200 [0m0.289 ms - 31[0m
Service ID 23500
[0mGET /pid [32m200 [0m0.536 ms - 31[0m
Service ID 23505
[0mGET /pid [32m200 [0m0.338 ms - 31[0m
Service ID 23505
[0mGET /pid [32m200 [0m0.262 ms - 31[0m
Service ID 23495
[0mGET /pid [32m200 [0m1.205 ms - 31[0m
Service ID 23505
[0mGET /pid [32m200 [0m1.013 ms - 31[0m
Service ID 23494
[0mGET /pid [32m200 [0m1.150 ms - 31[0m
Service ID 23500
[0mGET /pid [32m200 [0m0.340 ms - 31[0m
Service ID 23505
Service ID 23494
[0mGET /pid [32m200 [0m1.381 ms - 31[0m
[0mGET /pid [32m200 [0m3.148 ms - 31[0m
Service ID 23495
[0mGET /pid [32m200 [0m0.385 ms - 31[0m
Service ID 23494
[0mGET /pid [32m200 [0m0.353 ms - 31[0m
Service ID 23505
[0mGET /pid [32m200 [0m1.244 ms - 31[0m
Service ID 23505
[0mGET /pid [32m200 [0m0.644 ms - 31[0m
Service ID 23494
[0mGET /pid [32m200 [0m0.270 ms - 31[0m
Service ID 23500
[0mGET /pid [32m200 [0m0.355 ms - 31[0m
Service ID 23494
[0mGET /pid [32m200 [0m0.710 ms - 31[0m
Service ID 23505
[0mGET /pid [32m200 [0m0.741 ms - 31[0m
Service ID 23505
[0mGET /pid [32m200 [0m0.247 ms - 31[0m
Service ID 23500
[0mGET /pid [32m200 [0m0.325 ms - 31[0m
Service ID 23495
[0mGET /pid [32m200 [0m0.323 ms - 31[0m
Service ID 23494
[0mGET /pid [32m200 [0m0.237 ms - 31[0m
Service ID 23505
[0mGET /pid [32m200 [0m0.973 ms - 31[0m
Service ID 23494
[0mGET /pid [32m200 [0m0.384 ms - 31[0m
Service ID 23505
[0mGET /pid [32m200 [0m0.251 ms - 31[0m
Service ID 23500
[0mGET /pid [32m200 [0m0.376 ms - 31[0m
Service ID 23494
[0mGET /pid [32m200 [0m0.227 ms - 31[0m
Service ID 23495
[0mGET /pid [32m200 [0m0.347 ms - 31[0m
Service ID 23494
[0mGET /pid [32m200 [0m0.392 ms - 31[0m
Service ID 23495
Service ID 23500
[0mGET /pid [32m200 [0m3.254 ms - 31[0m
[0mGET /pid [32m200 [0m5.558 ms - 31[0m
Service ID 23505
[0mGET /pid [32m200 [0m0.380 ms - 31[0m
Service ID 23494
[0mGET /pid [32m200 [0m0.329 ms - 31[0m
Service ID 23505
[0mGET /pid [32m200 [0m0.269 ms - 31[0m
Service ID 23500
[0mGET /pid [32m200 [0m0.478 ms - 31[0m
Service ID 23495
[0mGET /pid [32m200 [0m0.382 ms - 31[0m
Service ID 23494
[0mGET /pid [32m200 [0m0.538 ms - 31[0m
Service ID 23505
[0mGET /pid [32m200 [0m0.368 ms - 31[0m
Service ID 23494
[0mGET /pid [32m200 [0m0.730 ms - 31[0m
Service ID 23505
[0mGET /pid [32m200 [0m0.279 ms - 31[0m
Service ID 23495
[0mGET /pid [32m200 [0m0.832 ms - 31[0m
Service ID 23500
[0mGET /pid [32m200 [0m0.722 ms - 31[0m
Service ID 23494
[0mGET /pid [32m200 [0m0.361 ms - 31[0m
Service ID 23505
[0mGET /pid [32m200 [0m0.568 ms - 31[0m
Service ID 23494
[0mGET /pid [32m200 [0m0.334 ms - 31[0m
Service ID 23505
[0mGET /pid [32m200 [0m0.259 ms - 31[0m
Service ID 23495
[0mGET /pid [32m200 [0m0.671 ms - 31[0m
Service ID 23500
[0mGET /pid [32m200 [0m0.576 ms - 31[0m
Service ID 23494
[0mGET /pid [32m200 [0m0.367 ms - 31[0m
Service ID 23505
[0mGET /pid [32m200 [0m0.375 ms - 31[0m
Service ID 23494
[0mGET /pid [32m200 [0m0.272 ms - 31[0m
Service ID 23505
[0mGET /pid [32m200 [0m0.298 ms - 31[0m
Service ID 23505
[0mGET /pid [32m200 [0m0.419 ms - 31[0m
Service ID 23505
[0mGET /pid [32m200 [0m0.298 ms - 31[0m
Service ID 23494
[0mGET /pid [32m200 [0m0.388 ms - 31[0m
Service ID 23495
[0mGET /pid [32m200 [0m0.366 ms - 31[0m
Service ID 23500
[0mGET /pid [32m200 [0m0.319 ms - 31[0m
Service ID 23494
[0mGET /pid [32m200 [0m0.322 ms - 31[0m
Service ID 23505
[0mGET /pid [32m200 [0m1.324 ms - 31[0m
Service ID 23495
[0mGET /pid [32m200 [0m0.592 ms - 31[0m
Service ID 23494
[0mGET /pid [32m200 [0m4.545 ms - 31[0m
Service ID 23505
[0mGET /pid [32m200 [0m0.331 ms - 31[0m
Service ID 23500
[0mGET /pid [32m200 [0m0.584 ms - 31[0m
Service ID 23494
[0mGET /pid [32m200 [0m0.271 ms - 31[0m
Service ID 23505
[0mGET /pid [32m200 [0m0.604 ms - 31[0m
Service ID 23494
[0mGET /pid [32m200 [0m0.358 ms - 31[0m
Service ID 23495
[0mGET /pid [32m200 [0m0.457 ms - 31[0m
Service ID 23494
[0mGET /pid [32m200 [0m1.258 ms - 31[0m
Service ID 23500
[0mGET /pid [32m200 [0m0.393 ms - 31[0m
Service ID 23505
[0mGET /pid [32m200 [0m0.342 ms - 31[0m
Service ID 23495
[0mGET /pid [32m200 [0m0.383 ms - 31[0m
Service ID 23494
[0mGET /pid [32m200 [0m0.851 ms - 31[0m
Service ID 23505
[0mGET /pid [32m200 [0m0.624 ms - 31[0m
Service ID 23494
[0mGET /pid [32m200 [0m0.420 ms - 31[0m
Service ID 23495
[0mGET /pid [32m200 [0m0.353 ms - 31[0m
Service ID 23500
[0mGET /pid [32m200 [0m0.330 ms - 31[0m
Service ID 23494
[0mGET /pid [32m200 [0m0.245 ms - 31[0m
Service ID 23505
[0mGET /pid [32m200 [0m0.527 ms - 31[0m
Service ID 23505
[0mGET /pid [32m200 [0m0.643 ms - 31[0m
Service ID 23494
[0mGET /pid [32m200 [0m0.839 ms - 31[0m
Service ID 23500
[0mGET /pid [32m200 [0m0.401 ms - 31[0m
Service ID 23505
[0mGET /pid [32m200 [0m0.381 ms - 31[0m
Service ID 23494
[0mGET /pid [32m200 [0m0.253 ms - 31[0m
Service ID 23505
[0mGET /pid [32m200 [0m0.221 ms - 31[0m
Service ID 23494
[0mGET /pid [32m200 [0m0.434 ms - 31[0m
